# JRE version: OpenJDK Runtime Environment (8.0_212-b04) (build 1.8.0_212-release-1586-b04)
# Java VM: OpenJDK 64-Bit Server VM (25.212-b04 mixed mode windows-amd64 compressed oops)
Heap:
 PSYoungGen      total 243712K, used 81074K [0x00000000e0000000, 0x00000000f2e00000, 0x0000000100000000)
  eden space 220672K, 26% used [0x00000000e0000000,0x00000000e38c7220,0x00000000ed780000)
  from space 23040K, 99% used [0x00000000f1780000,0x00000000f2de5998,0x00000000f2e00000)
  to   space 34816K, 0% used [0x00000000eea00000,0x00000000eea00000,0x00000000f0c00000)
 ParOldGen       total 215040K, used 72692K [0x00000000a0000000, 0x00000000ad200000, 0x00000000e0000000)
  object space 215040K, 33% used [0x00000000a0000000,0x00000000a46fd0b8,0x00000000ad200000)
 Metaspace       used 85395K, capacity 90738K, committed 90880K, reserved 1128448K
  class space    used 11537K, capacity 12515K, committed 12544K, reserved 1048576K
GC Heap History (10 events):
Event: 6.448 GC heap before
{Heap before GC invocations=13 (full 3):
 PSYoungGen      total 217600K, used 12837K [0x00000000e0000000, 0x00000000f0700000, 0x0000000100000000)
  eden space 198656K, 0% used [0x00000000e0000000,0x00000000e0000000,0x00000000ec200000)
  from space 18944K, 67% used [0x00000000ed480000,0x00000000ee1097c8,0x00000000ee700000)
  to   space 18944K, 0% used [0x00000000ec200000,0x00000000ec200000,0x00000000ed480000)
 ParOldGen       total 140800K, used 32935K [0x00000000a0000000, 0x00000000a8980000, 0x00000000e0000000)
  object space 140800K, 23% used [0x00000000a0000000,0x00000000a2029f88,0x00000000a8980000)
 Metaspace       used 57075K, capacity 59064K, committed 59096K, reserved 1099776K
  class space    used 7814K, capacity 8288K, committed 8320K, reserved 1048576K
Event: 6.639 GC heap after
Heap after GC invocations=13 (full 3):
 PSYoungGen      total 217600K, used 0K [0x00000000e0000000, 0x00000000f0700000, 0x0000000100000000)
  eden space 198656K, 0% used [0x00000000e0000000,0x00000000e0000000,0x00000000ec200000)
  from space 18944K, 0% used [0x00000000ed480000,0x00000000ed480000,0x00000000ee700000)
  to   space 18944K, 0% used [0x00000000ec200000,0x00000000ec200000,0x00000000ed480000)
 ParOldGen       total 215040K, used 33353K [0x00000000a0000000, 0x00000000ad200000, 0x00000000e0000000)
  object space 215040K, 15% used [0x00000000a0000000,0x00000000a2092470,0x00000000ad200000)
 Metaspace       used 57075K, capacity 59064K, committed 59096K, reserved 1099776K
  class space    used 7814K, capacity 8288K, committed 8320K, reserved 1048576K
}
Event: 7.560 GC heap before
{Heap before GC invocations=14 (full 3):
 PSYoungGen      total 217600K, used 198656K [0x00000000e0000000, 0x00000000f0700000, 0x0000000100000000)
  eden space 198656K, 100% used [0x00000000e0000000,0x00000000ec200000,0x00000000ec200000)
  from space 18944K, 0% used [0x00000000ed480000,0x00000000ed480000,0x00000000ee700000)
  to   space 18944K, 0% used [0x00000000ec200000,0x00000000ec200000,0x00000000ed480000)
 ParOldGen       total 215040K, used 33353K [0x00000000a0000000, 0x00000000ad200000, 0x00000000e0000000)
  object space 215040K, 15% used [0x00000000a0000000,0x00000000a2092470,0x00000000ad200000)
 Metaspace       used 60717K, capacity 64244K, committed 64384K, reserved 1103872K
  class space    used 8424K, capacity 9080K, committed 9088K, reserved 1048576K
Event: 7.568 GC heap after
Heap after GC invocations=14 (full 3):
 PSYoungGen      total 217600K, used 13985K [0x00000000e0000000, 0x00000000f0a00000, 0x0000000100000000)
  eden space 198656K, 0% used [0x00000000e0000000,0x00000000e0000000,0x00000000ec200000)
  from space 18944K, 73% used [0x00000000ec200000,0x00000000ecfa85c8,0x00000000ed480000)
  to   space 19456K, 0% used [0x00000000ef700000,0x00000000ef700000,0x00000000f0a00000)
 ParOldGen       total 215040K, used 33361K [0x00000000a0000000, 0x00000000ad200000, 0x00000000e0000000)
  object space 215040K, 15% used [0x00000000a0000000,0x00000000a2094470,0x00000000ad200000)
 Metaspace       used 60717K, capacity 64244K, committed 64384K, reserved 1103872K
  class space    used 8424K, capacity 9080K, committed 9088K, reserved 1048576K
}
Event: 167.343 GC heap before
{Heap before GC invocations=15 (full 3):
 PSYoungGen      total 217600K, used 212641K [0x00000000e0000000, 0x00000000f0a00000, 0x0000000100000000)
  eden space 198656K, 100% used [0x00000000e0000000,0x00000000ec200000,0x00000000ec200000)
  from space 18944K, 73% used [0x00000000ec200000,0x00000000ecfa85c8,0x00000000ed480000)
  to   space 19456K, 0% used [0x00000000ef700000,0x00000000ef700000,0x00000000f0a00000)
 ParOldGen       total 215040K, used 33361K [0x00000000a0000000, 0x00000000ad200000, 0x00000000e0000000)
  object space 215040K, 15% used [0x00000000a0000000,0x00000000a2094470,0x00000000ad200000)
 Metaspace       used 68995K, capacity 72852K, committed 73088K, reserved 1112064K
  class space    used 9332K, capacity 10084K, committed 10112K, reserved 1048576K
Event: 167.366 GC heap after
Heap after GC invocations=15 (full 3):
 PSYoungGen      total 246272K, used 19452K [0x00000000e0000000, 0x00000000f0d80000, 0x0000000100000000)
  eden space 226816K, 0% used [0x00000000e0000000,0x00000000e0000000,0x00000000edd80000)
  from space 19456K, 99% used [0x00000000ef700000,0x00000000f09ff040,0x00000000f0a00000)
  to   space 24576K, 0% used [0x00000000edd80000,0x00000000edd80000,0x00000000ef580000)
 ParOldGen       total 215040K, used 42260K [0x00000000a0000000, 0x00000000ad200000, 0x00000000e0000000)
  object space 215040K, 19% used [0x00000000a0000000,0x00000000a2945308,0x00000000ad200000)
 Metaspace       used 68995K, capacity 72852K, committed 73088K, reserved 1112064K
  class space    used 9332K, capacity 10084K, committed 10112K, reserved 1048576K
}
Event: 362.368 GC heap before
{Heap before GC invocations=16 (full 3):
 PSYoungGen      total 246272K, used 246267K [0x00000000e0000000, 0x00000000f0d80000, 0x0000000100000000)
  eden space 226816K, 99% used [0x00000000e0000000,0x00000000edd7ff30,0x00000000edd80000)
  from space 19456K, 99% used [0x00000000ef700000,0x00000000f09ff040,0x00000000f0a00000)
  to   space 24576K, 0% used [0x00000000edd80000,0x00000000edd80000,0x00000000ef580000)
 ParOldGen       total 215040K, used 42260K [0x00000000a0000000, 0x00000000ad200000, 0x00000000e0000000)
  object space 215040K, 19% used [0x00000000a0000000,0x00000000a2945308,0x00000000ad200000)
 Metaspace       used 84124K, capacity 89182K, committed 89344K, reserved 1126400K
  class space    used 11480K, capacity 12425K, committed 12544K, reserved 1048576K
Event: 362.401 GC heap after
Heap after GC invocations=16 (full 3):
 PSYoungGen      total 251392K, used 24552K [0x00000000e0000000, 0x00000000f3880000, 0x0000000100000000)
  eden space 226816K, 0% used [0x00000000e0000000,0x00000000e0000000,0x00000000edd80000)
  from space 24576K, 99% used [0x00000000edd80000,0x00000000ef57a0e0,0x00000000ef580000)
  to   space 33792K, 0% used [0x00000000f1780000,0x00000000f1780000,0x00000000f3880000)
 ParOldGen       total 215040K, used 58445K [0x00000000a0000000, 0x00000000ad200000, 0x00000000e0000000)
  object space 215040K, 27% used [0x00000000a0000000,0x00000000a39136d8,0x00000000ad200000)
 Metaspace       used 84124K, capacity 89182K, committed 89344K, reserved 1126400K
  class space    used 11480K, capacity 12425K, committed 12544K, reserved 1048576K
}
Event: 423.679 GC heap before
{Heap before GC invocations=17 (full 3):
 PSYoungGen      total 251392K, used 251368K [0x00000000e0000000, 0x00000000f3880000, 0x0000000100000000)
  eden space 226816K, 100% used [0x00000000e0000000,0x00000000edd80000,0x00000000edd80000)
  from space 24576K, 99% used [0x00000000edd80000,0x00000000ef57a0e0,0x00000000ef580000)
  to   space 33792K, 0% used [0x00000000f1780000,0x00000000f1780000,0x00000000f3880000)
 ParOldGen       total 215040K, used 58445K [0x00000000a0000000, 0x00000000ad200000, 0x00000000e0000000)
  object space 215040K, 27% used [0x00000000a0000000,0x00000000a39136d8,0x00000000ad200000)
 Metaspace       used 85196K, capacity 90540K, committed 90624K, reserved 1128448K
  class space    used 11531K, capacity 12504K, committed 12544K, reserved 1048576K
Event: 423.710 GC heap after
Heap after GC invocations=17 (full 3):
 PSYoungGen      total 243712K, used 22934K [0x00000000e0000000, 0x00000000f2e00000, 0x0000000100000000)
  eden space 220672K, 0% used [0x00000000e0000000,0x00000000e0000000,0x00000000ed780000)
  from space 23040K, 99% used [0x00000000f1780000,0x00000000f2de5998,0x00000000f2e00000)
  to   space 34816K, 0% used [0x00000000eea00000,0x00000000eea00000,0x00000000f0c00000)
 ParOldGen       total 215040K, used 72692K [0x00000000a0000000, 0x00000000ad200000, 0x00000000e0000000)
  object space 215040K, 33% used [0x00000000a0000000,0x00000000a46fd0b8,0x00000000ad200000)
 Metaspace       used 85196K, capacity 90540K, committed 90624K, reserved 1128448K
  class space    used 11531K, capacity 12504K, committed 12544K, reserved 1048576K
}

