# JRE version: OpenJDK Runtime Environment (8.0_212-b04) (build 1.8.0_212-release-1586-b04)
# Java VM: OpenJDK 64-Bit Server VM (25.212-b04 mixed mode windows-amd64 compressed oops)
Heap:
 PSYoungGen      total 397824K, used 93738K [0x00000000e0000000, 0x00000000fb900000, 0x0000000100000000)
  eden space 355328K, 17% used [0x00000000e0000000,0x00000000e3b8f2d0,0x00000000f5b00000)
  from space 42496K, 77% used [0x00000000f8700000,0x00000000fa6fb690,0x00000000fb080000)
  to   space 45056K, 0% used [0x00000000f5b00000,0x00000000f5b00000,0x00000000f8700000)
 ParOldGen       total 297472K, used 52500K [0x00000000a0000000, 0x00000000b2280000, 0x00000000e0000000)
  object space 297472K, 17% used [0x00000000a0000000,0x00000000a3345300,0x00000000b2280000)
 Metaspace       used 104467K, capacity 109476K, committed 112128K, reserved 1146880K
  class space    used 13434K, capacity 14423K, committed 15104K, reserved 1048576K
GC Heap History (10 events):
Event: 1359.157 GC heap before
{Heap before GC invocations=18 (full 4):
 PSYoungGen      total 291328K, used 8452K [0x00000000e0000000, 0x00000000f5180000, 0x0000000100000000)
  eden space 259072K, 0% used [0x00000000e0000000,0x00000000e0000000,0x00000000efd00000)
  from space 32256K, 26% used [0x00000000f1c00000,0x00000000f2441208,0x00000000f3b80000)
  to   space 31744K, 0% used [0x00000000efd00000,0x00000000efd00000,0x00000000f1c00000)
 ParOldGen       total 216576K, used 70827K [0x00000000a0000000, 0x00000000ad380000, 0x00000000e0000000)
  object space 216576K, 32% used [0x00000000a0000000,0x00000000a452af20,0x00000000ad380000)
 Metaspace       used 91633K, capacity 98432K, committed 98496K, reserved 1134592K
  class space    used 12466K, capacity 13637K, committed 13696K, reserved 1048576K
Event: 1359.283 GC heap after
Heap after GC invocations=18 (full 4):
 PSYoungGen      total 291328K, used 0K [0x00000000e0000000, 0x00000000f5180000, 0x0000000100000000)
  eden space 259072K, 0% used [0x00000000e0000000,0x00000000e0000000,0x00000000efd00000)
  from space 32256K, 0% used [0x00000000f1c00000,0x00000000f1c00000,0x00000000f3b80000)
  to   space 31744K, 0% used [0x00000000efd00000,0x00000000efd00000,0x00000000f1c00000)
 ParOldGen       total 297472K, used 50910K [0x00000000a0000000, 0x00000000b2280000, 0x00000000e0000000)
  object space 297472K, 17% used [0x00000000a0000000,0x00000000a31b79f8,0x00000000b2280000)
 Metaspace       used 89772K, capacity 93306K, committed 98496K, reserved 1134592K
  class space    used 11841K, capacity 12544K, committed 13696K, reserved 1048576K
}
Event: 1361.477 GC heap before
{Heap before GC invocations=19 (full 4):
 PSYoungGen      total 291328K, used 259072K [0x00000000e0000000, 0x00000000f5180000, 0x0000000100000000)
  eden space 259072K, 100% used [0x00000000e0000000,0x00000000efd00000,0x00000000efd00000)
  from space 32256K, 0% used [0x00000000f1c00000,0x00000000f1c00000,0x00000000f3b80000)
  to   space 31744K, 0% used [0x00000000efd00000,0x00000000efd00000,0x00000000f1c00000)
 ParOldGen       total 297472K, used 50910K [0x00000000a0000000, 0x00000000b2280000, 0x00000000e0000000)
  object space 297472K, 17% used [0x00000000a0000000,0x00000000a31b79f8,0x00000000b2280000)
 Metaspace       used 97995K, capacity 102114K, committed 106880K, reserved 1140736K
  class space    used 12836K, capacity 13647K, committed 14720K, reserved 1048576K
Event: 1361.496 GC heap after
Heap after GC invocations=19 (full 4):
 PSYoungGen      total 290816K, used 19981K [0x00000000e0000000, 0x00000000f7f80000, 0x0000000100000000)
  eden space 259072K, 0% used [0x00000000e0000000,0x00000000e0000000,0x00000000efd00000)
  from space 31744K, 62% used [0x00000000efd00000,0x00000000f1083520,0x00000000f1c00000)
  to   space 32256K, 0% used [0x00000000f6000000,0x00000000f6000000,0x00000000f7f80000)
 ParOldGen       total 297472K, used 50918K [0x00000000a0000000, 0x00000000b2280000, 0x00000000e0000000)
  object space 297472K, 17% used [0x00000000a0000000,0x00000000a31b99f8,0x00000000b2280000)
 Metaspace       used 97995K, capacity 102114K, committed 106880K, reserved 1140736K
  class space    used 12836K, capacity 13647K, committed 14720K, reserved 1048576K
}
Event: 2955.156 GC heap before
{Heap before GC invocations=20 (full 4):
 PSYoungGen      total 290816K, used 279053K [0x00000000e0000000, 0x00000000f7f80000, 0x0000000100000000)
  eden space 259072K, 100% used [0x00000000e0000000,0x00000000efd00000,0x00000000efd00000)
  from space 31744K, 62% used [0x00000000efd00000,0x00000000f1083520,0x00000000f1c00000)
  to   space 32256K, 0% used [0x00000000f6000000,0x00000000f6000000,0x00000000f7f80000)
 ParOldGen       total 297472K, used 50918K [0x00000000a0000000, 0x00000000b2280000, 0x00000000e0000000)
  object space 297472K, 17% used [0x00000000a0000000,0x00000000a31b99f8,0x00000000b2280000)
 Metaspace       used 101005K, capacity 105662K, committed 109184K, reserved 1142784K
  class space    used 13155K, capacity 14082K, committed 14976K, reserved 1048576K
Event: 2955.178 GC heap after
Heap after GC invocations=20 (full 4):
 PSYoungGen      total 349696K, used 31797K [0x00000000e0000000, 0x00000000f7f80000, 0x0000000100000000)
  eden space 317440K, 0% used [0x00000000e0000000,0x00000000e0000000,0x00000000f3600000)
  from space 32256K, 98% used [0x00000000f6000000,0x00000000f7f0d448,0x00000000f7f80000)
  to   space 36352K, 0% used [0x00000000f3880000,0x00000000f3880000,0x00000000f5c00000)
 ParOldGen       total 297472K, used 50926K [0x00000000a0000000, 0x00000000b2280000, 0x00000000e0000000)
  object space 297472K, 17% used [0x00000000a0000000,0x00000000a31bb9f8,0x00000000b2280000)
 Metaspace       used 101005K, capacity 105662K, committed 109184K, reserved 1142784K
  class space    used 13155K, capacity 14082K, committed 14976K, reserved 1048576K
}
Event: 2973.314 GC heap before
{Heap before GC invocations=21 (full 4):
 PSYoungGen      total 349696K, used 349237K [0x00000000e0000000, 0x00000000f7f80000, 0x0000000100000000)
  eden space 317440K, 100% used [0x00000000e0000000,0x00000000f3600000,0x00000000f3600000)
  from space 32256K, 98% used [0x00000000f6000000,0x00000000f7f0d448,0x00000000f7f80000)
  to   space 36352K, 0% used [0x00000000f3880000,0x00000000f3880000,0x00000000f5c00000)
 ParOldGen       total 297472K, used 50926K [0x00000000a0000000, 0x00000000b2280000, 0x00000000e0000000)
  object space 297472K, 17% used [0x00000000a0000000,0x00000000a31bb9f8,0x00000000b2280000)
 Metaspace       used 103298K, capacity 108148K, committed 111104K, reserved 1144832K
  class space    used 13323K, capacity 14307K, committed 15104K, reserved 1048576K
Event: 2973.349 GC heap after
Heap after GC invocations=21 (full 4):
 PSYoungGen      total 356352K, used 36351K [0x00000000e0000000, 0x00000000fb080000, 0x0000000100000000)
  eden space 320000K, 0% used [0x00000000e0000000,0x00000000e0000000,0x00000000f3880000)
  from space 36352K, 99% used [0x00000000f3880000,0x00000000f5bffd98,0x00000000f5c00000)
  to   space 42496K, 0% used [0x00000000f8700000,0x00000000f8700000,0x00000000fb080000)
 ParOldGen       total 297472K, used 52492K [0x00000000a0000000, 0x00000000b2280000, 0x00000000e0000000)
  object space 297472K, 17% used [0x00000000a0000000,0x00000000a3343300,0x00000000b2280000)
 Metaspace       used 103298K, capacity 108148K, committed 111104K, reserved 1144832K
  class space    used 13323K, capacity 14307K, committed 15104K, reserved 1048576K
}
Event: 2974.884 GC heap before
{Heap before GC invocations=22 (full 4):
 PSYoungGen      total 356352K, used 356351K [0x00000000e0000000, 0x00000000fb080000, 0x0000000100000000)
  eden space 320000K, 100% used [0x00000000e0000000,0x00000000f3880000,0x00000000f3880000)
  from space 36352K, 99% used [0x00000000f3880000,0x00000000f5bffd98,0x00000000f5c00000)
  to   space 42496K, 0% used [0x00000000f8700000,0x00000000f8700000,0x00000000fb080000)
 ParOldGen       total 297472K, used 52492K [0x00000000a0000000, 0x00000000b2280000, 0x00000000e0000000)
  object space 297472K, 17% used [0x00000000a0000000,0x00000000a3343300,0x00000000b2280000)
 Metaspace       used 104442K, capacity 109412K, committed 112128K, reserved 1146880K
  class space    used 13434K, capacity 14423K, committed 15104K, reserved 1048576K
Event: 2974.907 GC heap after
Heap after GC invocations=22 (full 4):
 PSYoungGen      total 397824K, used 32749K [0x00000000e0000000, 0x00000000fb900000, 0x0000000100000000)
  eden space 355328K, 0% used [0x00000000e0000000,0x00000000e0000000,0x00000000f5b00000)
  from space 42496K, 77% used [0x00000000f8700000,0x00000000fa6fb690,0x00000000fb080000)
  to   space 45056K, 0% used [0x00000000f5b00000,0x00000000f5b00000,0x00000000f8700000)
 ParOldGen       total 297472K, used 52500K [0x00000000a0000000, 0x00000000b2280000, 0x00000000e0000000)
  object space 297472K, 17% used [0x00000000a0000000,0x00000000a3345300,0x00000000b2280000)
 Metaspace       used 104442K, capacity 109412K, committed 112128K, reserved 1146880K
  class space    used 13434K, capacity 14423K, committed 15104K, reserved 1048576K
}

